{"level":"error","message":"Error: ENOENT: no such file or directory, stat '/home/luky/Documents/transportes-macias/client/dist/index.html'","service":"user-service"}
{"level":"error","message":"Error: ENOENT: no such file or directory, stat '/home/luky/Documents/transportes-macias/client/dist/index.html'","service":"user-service"}
{"level":"error","message":"Error: ENOENT: no such file or directory, stat '/home/luky/Documents/transportes-macias/client/dist/index.html'","service":"user-service"}
{"level":"error","message":"Error: ENOENT: no such file or directory, stat '/home/luky/Documents/transportes-macias/client/dist/index.html'","service":"user-service"}
{"level":"error","message":"Error: ENOENT: no such file or directory, stat '/home/luky/Documents/transportes-macias/client/dist/index.html'","service":"user-service"}
{"level":"error","message":"Error: ENOENT: no such file or directory, stat '/home/luky/Documents/transportes-macias/client/dist/index.html'","service":"user-service"}
{"level":"error","message":"Error: ENOENT: no such file or directory, stat '/home/luky/Documents/transportes-macias/client/dist/index.html'","service":"user-service"}
{"level":"error","message":"Error: ENOENT: no such file or directory, stat '/home/luky/Documents/transportes-macias/client/dist/index.html'","service":"user-service"}
{"level":"error","message":"Error: ENOENT: no such file or directory, stat '/home/luky/Documents/transportes-macias/client/dist/index.html'","service":"user-service"}
{"level":"error","message":"Error: ENOENT: no such file or directory, stat '/home/luky/Documents/transportes-macias/client/dist/index.html'","service":"user-service"}
{"level":"error","message":"Error: ENOENT: no such file or directory, stat '/home/luky/Documents/transportes-macias/client/client-website/dist/index.html'","service":"user-service"}
{"level":"error","message":"Error: ENOENT: no such file or directory, stat '/home/luky/Documents/transportes-macias/client/client-website/dist/index.html'","service":"user-service"}
{"level":"error","message":"Error: ENOENT: no such file or directory, stat '/home/luky/Documents/transportes-macias/client/client-website/dist/index.html'","service":"user-service"}
{"level":"error","message":"Error: ENOENT: no such file or directory, stat '/home/luky/Documents/transportes-macias/client/client-website/dist/index.html'","service":"user-service"}
{"level":"error","message":"Error: ENOENT: no such file or directory, stat '/home/luky/Documents/transportes-macias/client/client-website/dist/index.html'","service":"user-service"}
{"level":"error","message":"Error: ENOENT: no such file or directory, stat '/home/luky/Documents/transportes-macias/client/client-website/dist/index.html'","service":"user-service"}
{"level":"error","message":"Error: ENOENT: no such file or directory, stat '/home/luky/Documents/transportes-macias/client/client-website/dist/index.html'","service":"user-service"}
{"level":"error","message":"Error: ENOENT: no such file or directory, stat '/home/luky/Documents/transportes-macias/client/client-website/dist/index.html'","service":"user-service"}
{"level":"error","message":"Error: ENOENT: no such file or directory, stat '/home/luky/Documents/transportes-macias/client/client-website/dist/index.html'","service":"user-service"}
{"level":"error","message":"Error: ENOENT: no such file or directory, stat '/home/luky/Documents/transportes-macias/client/client-website/dist/index.html'","service":"user-service"}
{"level":"error","message":"Error: ENOENT: no such file or directory, stat '/home/luky/Documents/transportes-macias/client/client-website/dist/index.html'","service":"user-service"}
{"level":"error","message":"Error: ENOENT: no such file or directory, stat '/home/luky/Documents/transportes-macias/client/client-website/dist/index.html'","service":"user-service"}
{"level":"error","message":"Error: ENOENT: no such file or directory, stat '/home/luky/Documents/transportes-macias/client/client-website/dist/index.html'","service":"user-service"}
{"level":"error","message":"Error: ENOENT: no such file or directory, stat '/home/luky/Documents/transportes-macias/client/client-website/dist/index.html'","service":"user-service"}
{"level":"error","message":"Error: ENOENT: no such file or directory, stat '/home/luky/Documents/transportes-macias/client/client-website/dist/index.html'","service":"user-service"}
{"level":"error","message":"Error: ENOENT: no such file or directory, stat '/home/luky/Documents/transportes-macias/client/client-website/dist/index.html'","service":"user-service"}
{"level":"error","message":"Error: ENOENT: no such file or directory, stat '/home/luky/Documents/transportes-macias/client/client-website/dist/index.html'","service":"user-service"}
{"level":"error","message":"Error: ENOENT: no such file or directory, stat '/home/luky/Documents/transportes-macias/client/client-website/dist/index.html'","service":"user-service"}
{"level":"error","message":"Error: ENOENT: no such file or directory, stat '/home/luky/Documents/transportes-macias/client/client-website/dist/index.html'","service":"user-service"}
{"level":"error","message":"Error: ENOENT: no such file or directory, stat '/home/luky/Documents/transportes-macias/client/client-website/dist/index.html'","service":"user-service"}
{"level":"error","message":"Error: ENOENT: no such file or directory, stat '/home/luky/Documents/transportes-macias/client/client-website/dist/index.html'","service":"user-service"}
{"level":"error","message":"Error: ENOENT: no such file or directory, stat '/home/luky/Documents/transportes-macias/client/client-website/dist/index.html'","service":"user-service"}
{"level":"error","message":"Error: ENOENT: no such file or directory, stat '/home/luky/Documents/transportes-macias/client/client-website/dist/index.html'","service":"user-service"}
{"level":"error","message":"Error: ENOENT: no such file or directory, stat '/home/luky/Documents/transportes-macias/client/client-website/dist/index.html'","service":"user-service"}
{"level":"error","message":"Error: ENOENT: no such file or directory, stat '/home/luky/Documents/transportes-macias/client/client-website/dist/index.html'","service":"user-service"}
{"level":"error","message":"Error: ENOENT: no such file or directory, stat '/home/luky/Documents/transportes-macias/client/client-website/dist/index.html'","service":"user-service"}
{"level":"error","message":"Error: ENOENT: no such file or directory, stat '/home/luky/Documents/transportes-macias/client/client-website/dist/index.html'","service":"user-service"}
{"level":"error","message":"Error: ENOENT: no such file or directory, stat '/home/luky/Documents/transportes-macias/client/client-website/dist/index.html'","service":"user-service"}
{"level":"error","message":"Error: ENOENT: no such file or directory, stat '/home/luky/Projects/transportes-macias/client/client-website/dist/index.html'","service":"user-service"}
{"level":"error","message":"Error: ENOENT: no such file or directory, stat '/home/luky/Projects/transportes-macias/client/client-website/dist/index.html'","service":"user-service"}
{"level":"error","message":"Error: ENOENT: no such file or directory, stat '/home/luky/Projects/transportes-macias/client/client-website/dist/index.html'","service":"user-service"}
{"level":"error","message":"Error: ENOENT: no such file or directory, stat '/home/luky/Projects/transportes-macias/client/client-website/dist/index.html'","service":"user-service"}
{"level":"error","message":"Error: ENOENT: no such file or directory, stat '/home/luky/Projects/transportes-macias/client/client-website/dist/index.html'","service":"user-service"}
{"level":"error","message":"Error: ENOENT: no such file or directory, stat '/home/luky/Projects/transportes-macias/client/client-website/dist/index.html'","service":"user-service"}
{"level":"error","message":"Error: ENOENT: no such file or directory, stat '/home/luky/Projects/transportes-macias/client/client-website/dist/index.html'","service":"user-service"}
{"level":"error","message":"Error: ENOENT: no such file or directory, stat '/home/luky/Projects/transportes-macias/test/map/dist/index.html'","service":"user-service"}
{"level":"error","message":"Error: ENOENT: no such file or directory, stat '/home/luky/Projects/transportes-macias/test/map/dist/index.html'","service":"user-service"}
{"level":"error","message":"Error: ENOENT: no such file or directory, stat '/home/luky/Projects/transportes-macias/test/map/dist/index.html'","service":"user-service"}
{"level":"error","message":"Error: ENOENT: no such file or directory, stat '/home/luky/Projects/transportes-macias/test/map/dist/index.html'","service":"user-service"}
{"level":"error","message":"Error: ENOENT: no such file or directory, stat '/home/luky/Projects/transportes-macias/test/map/dist/index.html'","service":"user-service"}
{"level":"error","message":"Error: ENOENT: no such file or directory, stat '/home/luky/Projects/transportes-macias/test/map/dist/index.html'","service":"user-service"}
{"level":"error","message":"Error: ENOENT: no such file or directory, stat '/home/luky/Projects/transportes-macias/test/map/dist/index.html'","service":"user-service"}
{"level":"error","message":"Error: ENOENT: no such file or directory, stat '/home/luky/Projects/transportes-macias/test/map/dist/index.html'","service":"user-service"}
{"level":"error","message":"Error: ENOENT: no such file or directory, stat '/home/luky/Projects/transportes-macias/test/map/dist/index.html'","service":"user-service"}
{"level":"error","message":"Error: ENOENT: no such file or directory, stat '/home/luky/Projects/transportes-macias/test/map/dist/index.html'","service":"user-service"}
{"level":"error","message":"Error: ENOENT: no such file or directory, stat '/home/luky/Projects/transportes-macias/test/map/dist/index.html'","service":"user-service"}
{"level":"error","message":"Error: ENOENT: no such file or directory, stat '/home/luky/Projects/transportes-macias/test/map/dist/index.html'","service":"user-service"}
{"level":"error","message":"Error: ENOENT: no such file or directory, stat '/home/luky/Projects/transportes-macias/test/map/dist/index.html'","service":"user-service"}
{"level":"error","message":"Error: ENOENT: no such file or directory, stat '/home/luky/Projects/transportes-macias/test/map/dist/index.html'","service":"user-service"}
{"level":"error","message":"Error: ENOENT: no such file or directory, stat '/home/luky/Projects/transportes-macias/test/map/dist/index.html'","service":"user-service"}
{"level":"error","message":"Error: ENOENT: no such file or directory, stat '/home/luky/Projects/transportes-macias/test/map/dist/index.html'","service":"user-service"}
{"level":"error","message":"Error: ENOENT: no such file or directory, stat '/home/luky/Projects/transportes-macias/tests/map/dist/index.html'","service":"user-service"}
{"level":"error","message":"Error: ENOENT: no such file or directory, stat '/home/luky/Projects/transportes-macias/tests/map/dist/index.html'","service":"user-service"}
{"level":"error","message":"Error: ENOENT: no such file or directory, stat '/home/luky/Projects/transportes-macias/tests/map/dist/index.html'","service":"user-service"}
{"level":"error","message":"Error: ENOENT: no such file or directory, stat '/home/luky/Projects/transportes-macias/tests/map/dist/index.html'","service":"user-service"}
{"level":"error","message":"Error: ENOENT: no such file or directory, stat '/home/luky/transportes-macias/dev/dist/index.html'","service":"user-service"}
{"level":"error","message":"Error: ENOENT: no such file or directory, stat '/home/luky/transportes-macias/dev/dist/index.html'","service":"user-service"}
{"level":"error","name":"SequelizeDatabaseError","original":{"code":"SQLITE_ERROR","errno":1,"sql":"SELECT `id`, `name`, `image`, `make`, `model`, `year`, `price`, `description`, `createdAt`, `updatedAt` FROM `Cars` AS `Car`;"},"parameters":{},"parent":{"code":"SQLITE_ERROR","errno":1,"sql":"SELECT `id`, `name`, `image`, `make`, `model`, `year`, `price`, `description`, `createdAt`, `updatedAt` FROM `Cars` AS `Car`;"},"service":"user-service","sql":"SELECT `id`, `name`, `image`, `make`, `model`, `year`, `price`, `description`, `createdAt`, `updatedAt` FROM `Cars` AS `Car`;"}
{"level":"error","name":"SequelizeDatabaseError","original":{"code":"SQLITE_ERROR","errno":1,"sql":"SELECT `id`, `name`, `image`, `make`, `model`, `year`, `price`, `description`, `createdAt`, `updatedAt` FROM `Cars` AS `Car`;"},"parameters":{},"parent":{"code":"SQLITE_ERROR","errno":1,"sql":"SELECT `id`, `name`, `image`, `make`, `model`, `year`, `price`, `description`, `createdAt`, `updatedAt` FROM `Cars` AS `Car`;"},"service":"user-service","sql":"SELECT `id`, `name`, `image`, `make`, `model`, `year`, `price`, `description`, `createdAt`, `updatedAt` FROM `Cars` AS `Car`;"}
{"level":"error","name":"SequelizeDatabaseError","original":{"code":"SQLITE_ERROR","errno":1,"sql":"SELECT `id`, `name`, `image`, `make`, `model`, `year`, `price`, `description`, `createdAt`, `updatedAt` FROM `Cars` AS `Car`;"},"parameters":{},"parent":{"code":"SQLITE_ERROR","errno":1,"sql":"SELECT `id`, `name`, `image`, `make`, `model`, `year`, `price`, `description`, `createdAt`, `updatedAt` FROM `Cars` AS `Car`;"},"service":"user-service","sql":"SELECT `id`, `name`, `image`, `make`, `model`, `year`, `price`, `description`, `createdAt`, `updatedAt` FROM `Cars` AS `Car`;"}
{"level":"error","name":"SequelizeDatabaseError","original":{"code":"SQLITE_ERROR","errno":1,"sql":"SELECT `id`, `name`, `image`, `make`, `model`, `year`, `price`, `description`, `createdAt`, `updatedAt` FROM `Cars` AS `Car`;"},"parameters":{},"parent":{"code":"SQLITE_ERROR","errno":1,"sql":"SELECT `id`, `name`, `image`, `make`, `model`, `year`, `price`, `description`, `createdAt`, `updatedAt` FROM `Cars` AS `Car`;"},"service":"user-service","sql":"SELECT `id`, `name`, `image`, `make`, `model`, `year`, `price`, `description`, `createdAt`, `updatedAt` FROM `Cars` AS `Car`;"}
{"level":"error","name":"SequelizeDatabaseError","original":{"code":"SQLITE_ERROR","errno":1,"sql":"SELECT `id`, `name`, `image`, `make`, `model`, `year`, `price`, `description`, `createdAt`, `updatedAt` FROM `Cars` AS `Car`;"},"parameters":{},"parent":{"code":"SQLITE_ERROR","errno":1,"sql":"SELECT `id`, `name`, `image`, `make`, `model`, `year`, `price`, `description`, `createdAt`, `updatedAt` FROM `Cars` AS `Car`;"},"service":"user-service","sql":"SELECT `id`, `name`, `image`, `make`, `model`, `year`, `price`, `description`, `createdAt`, `updatedAt` FROM `Cars` AS `Car`;"}
{"level":"error","name":"SequelizeDatabaseError","original":{"code":"SQLITE_ERROR","errno":1,"sql":"SELECT `id`, `name`, `image`, `make`, `model`, `year`, `price`, `description`, `createdAt`, `updatedAt` FROM `Cars` AS `Car`;"},"parameters":{},"parent":{"code":"SQLITE_ERROR","errno":1,"sql":"SELECT `id`, `name`, `image`, `make`, `model`, `year`, `price`, `description`, `createdAt`, `updatedAt` FROM `Cars` AS `Car`;"},"service":"user-service","sql":"SELECT `id`, `name`, `image`, `make`, `model`, `year`, `price`, `description`, `createdAt`, `updatedAt` FROM `Cars` AS `Car`;"}
{"level":"error","name":"SequelizeDatabaseError","original":{"code":"SQLITE_ERROR","errno":1,"sql":"SELECT `id`, `name`, `image`, `make`, `model`, `year`, `price`, `description`, `createdAt`, `updatedAt` FROM `Cars` AS `Car`;"},"parameters":{},"parent":{"code":"SQLITE_ERROR","errno":1,"sql":"SELECT `id`, `name`, `image`, `make`, `model`, `year`, `price`, `description`, `createdAt`, `updatedAt` FROM `Cars` AS `Car`;"},"service":"user-service","sql":"SELECT `id`, `name`, `image`, `make`, `model`, `year`, `price`, `description`, `createdAt`, `updatedAt` FROM `Cars` AS `Car`;"}
{"level":"error","message":"Failed to insert row: {\"name\":\"Truck 2\",\"image\":\"truck_2.png\",\"make\":\"Chevrolet\",\"model\":\"Silverado\",\"year\":\"2020\",\"price\":\"28000\",\"description\":\"Powerful truck\"}, Error: SequelizeDatabaseError: SQLITE_ERROR: no such table: Cars","service":"user-service"}
{"level":"error","message":"Failed to insert row: {\"name\":\"Truck 3\",\"image\":\"truck_3.png\",\"make\":\"Ram\",\"model\":\"1500\",\"year\":\"2019\",\"price\":\"27000\",\"description\":\"Stylish truck\"}, Error: SequelizeDatabaseError: SQLITE_ERROR: no such table: Cars","service":"user-service"}
{"level":"error","message":"Failed to insert row: {\"name\":\"Truck 4\",\"image\":\"truck_4.png\",\"make\":\"Toyota\",\"model\":\"Tundra\",\"year\":\"2018\",\"price\":\"25000\",\"description\":\"Durable truck\"}, Error: SequelizeDatabaseError: SQLITE_ERROR: no such table: Cars","service":"user-service"}
{"level":"error","message":"Failed to insert row: {\"name\":\"Truck 5\",\"image\":\"truck_5.png\",\"make\":\"Nissan\",\"model\":\"Titan\",\"year\":\"2017\",\"price\":\"24000\",\"description\":\"Efficient truck\"}, Error: SequelizeDatabaseError: SQLITE_ERROR: no such table: Cars","service":"user-service"}
{"level":"error","message":"Failed to insert row: {\"name\":\"Truck 6\",\"image\":\"truck_6.png\",\"make\":\"GMC\",\"model\":\"Sierra\",\"year\":\"2016\",\"price\":\"23000\",\"description\":\"Luxury truck\"}, Error: SequelizeDatabaseError: SQLITE_ERROR: no such table: Cars","service":"user-service"}
{"level":"error","message":"Failed to insert row: {\"name\":\"Truck 7\",\"image\":\"truck_7.png\",\"make\":\"Honda\",\"model\":\"Ridgeline\",\"year\":\"2015\",\"price\":\"22000\",\"description\":\"Innovative truck\"}, Error: SequelizeDatabaseError: SQLITE_ERROR: no such table: Cars","service":"user-service"}
{"level":"error","message":"Failed to insert row: {\"name\":\"Truck 1\",\"image\":\"truck_1.png\",\"make\":\"Ford\",\"model\":\"F-150\",\"year\":\"2021\",\"price\":\"30000\",\"description\":\"A reliable truck\"}, Error: SequelizeDatabaseError: SQLITE_ERROR: no such table: Cars","service":"user-service"}
{"level":"error","name":"SequelizeDatabaseError","original":{"code":"SQLITE_ERROR","errno":1,"sql":"SELECT `id`, `name`, `image`, `make`, `model`, `year`, `price`, `description`, `createdAt`, `updatedAt` FROM `Cars` AS `Car`;"},"parameters":{},"parent":{"code":"SQLITE_ERROR","errno":1,"sql":"SELECT `id`, `name`, `image`, `make`, `model`, `year`, `price`, `description`, `createdAt`, `updatedAt` FROM `Cars` AS `Car`;"},"service":"user-service","sql":"SELECT `id`, `name`, `image`, `make`, `model`, `year`, `price`, `description`, `createdAt`, `updatedAt` FROM `Cars` AS `Car`;"}
{"level":"error","name":"SequelizeDatabaseError","original":{"code":"SQLITE_ERROR","errno":1,"sql":"SELECT `id`, `name`, `image`, `make`, `model`, `year`, `price`, `description`, `createdAt`, `updatedAt` FROM `Cars` AS `Car`;"},"parameters":{},"parent":{"code":"SQLITE_ERROR","errno":1,"sql":"SELECT `id`, `name`, `image`, `make`, `model`, `year`, `price`, `description`, `createdAt`, `updatedAt` FROM `Cars` AS `Car`;"},"service":"user-service","sql":"SELECT `id`, `name`, `image`, `make`, `model`, `year`, `price`, `description`, `createdAt`, `updatedAt` FROM `Cars` AS `Car`;"}
{"level":"error","name":"SequelizeDatabaseError","original":{"code":"SQLITE_ERROR","errno":1,"sql":"SELECT `id`, `name`, `image`, `make`, `model`, `year`, `price`, `description`, `createdAt`, `updatedAt` FROM `Cars` AS `Car`;"},"parameters":{},"parent":{"code":"SQLITE_ERROR","errno":1,"sql":"SELECT `id`, `name`, `image`, `make`, `model`, `year`, `price`, `description`, `createdAt`, `updatedAt` FROM `Cars` AS `Car`;"},"service":"user-service","sql":"SELECT `id`, `name`, `image`, `make`, `model`, `year`, `price`, `description`, `createdAt`, `updatedAt` FROM `Cars` AS `Car`;"}
{"level":"error","name":"SequelizeDatabaseError","original":{"code":"SQLITE_ERROR","errno":1,"sql":"SELECT `id`, `name`, `image`, `make`, `model`, `year`, `price`, `description`, `createdAt`, `updatedAt` FROM `Cars` AS `Car`;"},"parameters":{},"parent":{"code":"SQLITE_ERROR","errno":1,"sql":"SELECT `id`, `name`, `image`, `make`, `model`, `year`, `price`, `description`, `createdAt`, `updatedAt` FROM `Cars` AS `Car`;"},"service":"user-service","sql":"SELECT `id`, `name`, `image`, `make`, `model`, `year`, `price`, `description`, `createdAt`, `updatedAt` FROM `Cars` AS `Car`;"}
{"level":"error","name":"SequelizeDatabaseError","original":{"code":"SQLITE_ERROR","errno":1,"sql":"SELECT `id`, `name`, `image`, `make`, `model`, `year`, `price`, `description`, `createdAt`, `updatedAt` FROM `Cars` AS `Car`;"},"parameters":{},"parent":{"code":"SQLITE_ERROR","errno":1,"sql":"SELECT `id`, `name`, `image`, `make`, `model`, `year`, `price`, `description`, `createdAt`, `updatedAt` FROM `Cars` AS `Car`;"},"service":"user-service","sql":"SELECT `id`, `name`, `image`, `make`, `model`, `year`, `price`, `description`, `createdAt`, `updatedAt` FROM `Cars` AS `Car`;"}
{"level":"error","name":"SequelizeDatabaseError","original":{"code":"SQLITE_ERROR","errno":1,"sql":"SELECT `id`, `name`, `image`, `make`, `model`, `year`, `price`, `description`, `createdAt`, `updatedAt` FROM `Cars` AS `Car`;"},"parameters":{},"parent":{"code":"SQLITE_ERROR","errno":1,"sql":"SELECT `id`, `name`, `image`, `make`, `model`, `year`, `price`, `description`, `createdAt`, `updatedAt` FROM `Cars` AS `Car`;"},"service":"user-service","sql":"SELECT `id`, `name`, `image`, `make`, `model`, `year`, `price`, `description`, `createdAt`, `updatedAt` FROM `Cars` AS `Car`;"}
{"level":"error","name":"SequelizeDatabaseError","original":{"code":"SQLITE_ERROR","errno":1,"sql":"SELECT `id`, `name`, `image`, `make`, `model`, `year`, `price`, `description`, `createdAt`, `updatedAt` FROM `Cars` AS `Car`;"},"parameters":{},"parent":{"code":"SQLITE_ERROR","errno":1,"sql":"SELECT `id`, `name`, `image`, `make`, `model`, `year`, `price`, `description`, `createdAt`, `updatedAt` FROM `Cars` AS `Car`;"},"service":"user-service","sql":"SELECT `id`, `name`, `image`, `make`, `model`, `year`, `price`, `description`, `createdAt`, `updatedAt` FROM `Cars` AS `Car`;"}
{"level":"error","name":"SequelizeDatabaseError","original":{"code":"SQLITE_ERROR","errno":1,"sql":"SELECT `id`, `name`, `image`, `make`, `model`, `year`, `price`, `description`, `createdAt`, `updatedAt` FROM `Cars` AS `Car`;"},"parameters":{},"parent":{"code":"SQLITE_ERROR","errno":1,"sql":"SELECT `id`, `name`, `image`, `make`, `model`, `year`, `price`, `description`, `createdAt`, `updatedAt` FROM `Cars` AS `Car`;"},"service":"user-service","sql":"SELECT `id`, `name`, `image`, `make`, `model`, `year`, `price`, `description`, `createdAt`, `updatedAt` FROM `Cars` AS `Car`;"}
{"level":"error","name":"SequelizeDatabaseError","original":{"code":"SQLITE_ERROR","errno":1,"sql":"SELECT `id`, `name`, `image`, `make`, `model`, `year`, `price`, `description`, `createdAt`, `updatedAt` FROM `Cars` AS `Car`;"},"parameters":{},"parent":{"code":"SQLITE_ERROR","errno":1,"sql":"SELECT `id`, `name`, `image`, `make`, `model`, `year`, `price`, `description`, `createdAt`, `updatedAt` FROM `Cars` AS `Car`;"},"service":"user-service","sql":"SELECT `id`, `name`, `image`, `make`, `model`, `year`, `price`, `description`, `createdAt`, `updatedAt` FROM `Cars` AS `Car`;"}
{"level":"error","name":"SequelizeDatabaseError","original":{"code":"SQLITE_ERROR","errno":1,"sql":"SELECT `id`, `name`, `image`, `make`, `model`, `year`, `price`, `description`, `createdAt`, `updatedAt` FROM `Cars` AS `Car`;"},"parameters":{},"parent":{"code":"SQLITE_ERROR","errno":1,"sql":"SELECT `id`, `name`, `image`, `make`, `model`, `year`, `price`, `description`, `createdAt`, `updatedAt` FROM `Cars` AS `Car`;"},"service":"user-service","sql":"SELECT `id`, `name`, `image`, `make`, `model`, `year`, `price`, `description`, `createdAt`, `updatedAt` FROM `Cars` AS `Car`;"}
{"level":"error","name":"SequelizeDatabaseError","original":{"code":"SQLITE_ERROR","errno":1,"sql":"SELECT `id`, `name`, `image`, `make`, `model`, `year`, `price`, `description`, `createdAt`, `updatedAt` FROM `Cars` AS `Car`;"},"parameters":{},"parent":{"code":"SQLITE_ERROR","errno":1,"sql":"SELECT `id`, `name`, `image`, `make`, `model`, `year`, `price`, `description`, `createdAt`, `updatedAt` FROM `Cars` AS `Car`;"},"service":"user-service","sql":"SELECT `id`, `name`, `image`, `make`, `model`, `year`, `price`, `description`, `createdAt`, `updatedAt` FROM `Cars` AS `Car`;"}
{"level":"error","message":"Failed to insert row: {\"name\":\"Truck 2\",\"image\":\"truck_2.png\",\"make\":\"Chevrolet\",\"model\":\"Silverado\",\"year\":\"2020\",\"price\":\"28000\",\"description\":\"Powerful truck\"}, Error: SequelizeDatabaseError: SQLITE_ERROR: no such table: Cars","service":"user-service"}
{"level":"error","message":"Failed to insert row: {\"name\":\"Truck 3\",\"image\":\"truck_3.png\",\"make\":\"Ram\",\"model\":\"1500\",\"year\":\"2019\",\"price\":\"27000\",\"description\":\"Stylish truck\"}, Error: SequelizeDatabaseError: SQLITE_ERROR: no such table: Cars","service":"user-service"}
{"level":"error","message":"Failed to insert row: {\"name\":\"Truck 4\",\"image\":\"truck_4.png\",\"make\":\"Toyota\",\"model\":\"Tundra\",\"year\":\"2018\",\"price\":\"25000\",\"description\":\"Durable truck\"}, Error: SequelizeDatabaseError: SQLITE_ERROR: no such table: Cars","service":"user-service"}
{"level":"error","message":"Failed to insert row: {\"name\":\"Truck 5\",\"image\":\"truck_5.png\",\"make\":\"Nissan\",\"model\":\"Titan\",\"year\":\"2017\",\"price\":\"24000\",\"description\":\"Efficient truck\"}, Error: SequelizeDatabaseError: SQLITE_ERROR: no such table: Cars","service":"user-service"}
{"level":"error","message":"Failed to insert row: {\"name\":\"Truck 6\",\"image\":\"truck_6.png\",\"make\":\"GMC\",\"model\":\"Sierra\",\"year\":\"2016\",\"price\":\"23000\",\"description\":\"Luxury truck\"}, Error: SequelizeDatabaseError: SQLITE_ERROR: no such table: Cars","service":"user-service"}
{"level":"error","message":"Failed to insert row: {\"name\":\"Truck 7\",\"image\":\"truck_7.png\",\"make\":\"Honda\",\"model\":\"Ridgeline\",\"year\":\"2015\",\"price\":\"22000\",\"description\":\"Innovative truck\"}, Error: SequelizeDatabaseError: SQLITE_ERROR: no such table: Cars","service":"user-service"}
{"level":"error","message":"Failed to insert row: {\"name\":\"Truck 1\",\"image\":\"truck_1.png\",\"make\":\"Ford\",\"model\":\"F-150\",\"year\":\"2021\",\"price\":\"30000\",\"description\":\"A reliable truck\"}, Error: SequelizeDatabaseError: SQLITE_ERROR: no such table: Cars","service":"user-service"}
{"level":"error","name":"SequelizeDatabaseError","original":{"code":"SQLITE_ERROR","errno":1,"sql":"SELECT `id`, `name`, `image`, `make`, `model`, `year`, `price`, `description`, `createdAt`, `updatedAt` FROM `Cars` AS `Car`;"},"parameters":{},"parent":{"code":"SQLITE_ERROR","errno":1,"sql":"SELECT `id`, `name`, `image`, `make`, `model`, `year`, `price`, `description`, `createdAt`, `updatedAt` FROM `Cars` AS `Car`;"},"service":"user-service","sql":"SELECT `id`, `name`, `image`, `make`, `model`, `year`, `price`, `description`, `createdAt`, `updatedAt` FROM `Cars` AS `Car`;"}
{"level":"error","message":"Failed to insert row: {\"name\":\"Truck 2\",\"image\":\"truck_2.png\",\"make\":\"Chevrolet\",\"model\":\"Silverado\",\"year\":\"2020\",\"price\":\"28000\",\"description\":\"Powerful truck\"}, Error: SequelizeDatabaseError: SQLITE_ERROR: no such table: Cars","service":"user-service"}
{"level":"error","message":"Failed to insert row: {\"name\":\"Truck 3\",\"image\":\"truck_3.png\",\"make\":\"Ram\",\"model\":\"1500\",\"year\":\"2019\",\"price\":\"27000\",\"description\":\"Stylish truck\"}, Error: SequelizeDatabaseError: SQLITE_ERROR: no such table: Cars","service":"user-service"}
{"level":"error","message":"Failed to insert row: {\"name\":\"Truck 4\",\"image\":\"truck_4.png\",\"make\":\"Toyota\",\"model\":\"Tundra\",\"year\":\"2018\",\"price\":\"25000\",\"description\":\"Durable truck\"}, Error: SequelizeDatabaseError: SQLITE_ERROR: no such table: Cars","service":"user-service"}
{"level":"error","message":"Failed to insert row: {\"name\":\"Truck 5\",\"image\":\"truck_5.png\",\"make\":\"Nissan\",\"model\":\"Titan\",\"year\":\"2017\",\"price\":\"24000\",\"description\":\"Efficient truck\"}, Error: SequelizeDatabaseError: SQLITE_ERROR: no such table: Cars","service":"user-service"}
{"level":"error","message":"Failed to insert row: {\"name\":\"Truck 6\",\"image\":\"truck_6.png\",\"make\":\"GMC\",\"model\":\"Sierra\",\"year\":\"2016\",\"price\":\"23000\",\"description\":\"Luxury truck\"}, Error: SequelizeDatabaseError: SQLITE_ERROR: no such table: Cars","service":"user-service"}
{"level":"error","message":"Failed to insert row: {\"name\":\"Truck 7\",\"image\":\"truck_7.png\",\"make\":\"Honda\",\"model\":\"Ridgeline\",\"year\":\"2015\",\"price\":\"22000\",\"description\":\"Innovative truck\"}, Error: SequelizeDatabaseError: SQLITE_ERROR: no such table: Cars","service":"user-service"}
{"level":"error","message":"Failed to insert row: {\"name\":\"Truck 1\",\"image\":\"truck_1.png\",\"make\":\"Ford\",\"model\":\"F-150\",\"year\":\"2021\",\"price\":\"30000\",\"description\":\"A reliable truck\"}, Error: SequelizeDatabaseError: SQLITE_ERROR: no such table: Cars","service":"user-service"}
{"level":"error","name":"SequelizeDatabaseError","original":{"code":"SQLITE_ERROR","errno":1,"sql":"SELECT `id`, `name`, `image`, `make`, `model`, `year`, `price`, `description`, `createdAt`, `updatedAt` FROM `Cars` AS `Car`;"},"parameters":{},"parent":{"code":"SQLITE_ERROR","errno":1,"sql":"SELECT `id`, `name`, `image`, `make`, `model`, `year`, `price`, `description`, `createdAt`, `updatedAt` FROM `Cars` AS `Car`;"},"service":"user-service","sql":"SELECT `id`, `name`, `image`, `make`, `model`, `year`, `price`, `description`, `createdAt`, `updatedAt` FROM `Cars` AS `Car`;"}
{"level":"error","name":"SequelizeDatabaseError","original":{"code":"SQLITE_ERROR","errno":1,"sql":"SELECT `id`, `name`, `image`, `make`, `model`, `year`, `price`, `description`, `createdAt`, `updatedAt` FROM `Cars` AS `Car`;"},"parameters":{},"parent":{"code":"SQLITE_ERROR","errno":1,"sql":"SELECT `id`, `name`, `image`, `make`, `model`, `year`, `price`, `description`, `createdAt`, `updatedAt` FROM `Cars` AS `Car`;"},"service":"user-service","sql":"SELECT `id`, `name`, `image`, `make`, `model`, `year`, `price`, `description`, `createdAt`, `updatedAt` FROM `Cars` AS `Car`;"}
{"level":"error","name":"SequelizeDatabaseError","original":{"code":"SQLITE_ERROR","errno":1,"sql":"SELECT `id`, `name`, `image`, `make`, `model`, `year`, `price`, `description`, `createdAt`, `updatedAt` FROM `Cars` AS `Car`;"},"parameters":{},"parent":{"code":"SQLITE_ERROR","errno":1,"sql":"SELECT `id`, `name`, `image`, `make`, `model`, `year`, `price`, `description`, `createdAt`, `updatedAt` FROM `Cars` AS `Car`;"},"service":"user-service","sql":"SELECT `id`, `name`, `image`, `make`, `model`, `year`, `price`, `description`, `createdAt`, `updatedAt` FROM `Cars` AS `Car`;"}
{"level":"error","name":"SequelizeDatabaseError","original":{"code":"SQLITE_ERROR","errno":1,"sql":"SELECT `id`, `name`, `image`, `make`, `model`, `year`, `price`, `description`, `createdAt`, `updatedAt` FROM `Cars` AS `Car`;"},"parameters":{},"parent":{"code":"SQLITE_ERROR","errno":1,"sql":"SELECT `id`, `name`, `image`, `make`, `model`, `year`, `price`, `description`, `createdAt`, `updatedAt` FROM `Cars` AS `Car`;"},"service":"user-service","sql":"SELECT `id`, `name`, `image`, `make`, `model`, `year`, `price`, `description`, `createdAt`, `updatedAt` FROM `Cars` AS `Car`;"}
{"level":"error","name":"SequelizeDatabaseError","original":{"code":"SQLITE_ERROR","errno":1,"sql":"SELECT `id`, `name`, `image`, `make`, `model`, `year`, `price`, `description`, `createdAt`, `updatedAt` FROM `Cars` AS `Car`;"},"parameters":{},"parent":{"code":"SQLITE_ERROR","errno":1,"sql":"SELECT `id`, `name`, `image`, `make`, `model`, `year`, `price`, `description`, `createdAt`, `updatedAt` FROM `Cars` AS `Car`;"},"service":"user-service","sql":"SELECT `id`, `name`, `image`, `make`, `model`, `year`, `price`, `description`, `createdAt`, `updatedAt` FROM `Cars` AS `Car`;"}
{"level":"error","name":"SequelizeDatabaseError","original":{"code":"SQLITE_ERROR","errno":1,"sql":"SELECT `id`, `name`, `image`, `make`, `model`, `year`, `price`, `description`, `createdAt`, `updatedAt` FROM `Cars` AS `Car`;"},"parameters":{},"parent":{"code":"SQLITE_ERROR","errno":1,"sql":"SELECT `id`, `name`, `image`, `make`, `model`, `year`, `price`, `description`, `createdAt`, `updatedAt` FROM `Cars` AS `Car`;"},"service":"user-service","sql":"SELECT `id`, `name`, `image`, `make`, `model`, `year`, `price`, `description`, `createdAt`, `updatedAt` FROM `Cars` AS `Car`;"}
{"level":"error","name":"SequelizeDatabaseError","original":{"code":"SQLITE_ERROR","errno":1,"sql":"SELECT `id`, `name`, `image`, `make`, `model`, `year`, `price`, `description`, `createdAt`, `updatedAt` FROM `Cars` AS `Car`;"},"parameters":{},"parent":{"code":"SQLITE_ERROR","errno":1,"sql":"SELECT `id`, `name`, `image`, `make`, `model`, `year`, `price`, `description`, `createdAt`, `updatedAt` FROM `Cars` AS `Car`;"},"service":"user-service","sql":"SELECT `id`, `name`, `image`, `make`, `model`, `year`, `price`, `description`, `createdAt`, `updatedAt` FROM `Cars` AS `Car`;"}
{"level":"error","message":"Failed to insert row: {\"name\":\"Truck 2\",\"image\":\"truck_2.png\",\"make\":\"Chevrolet\",\"model\":\"Silverado\",\"year\":\"2020\",\"price\":\"28000\",\"description\":\"Powerful truck\"}, Error: SequelizeDatabaseError: SQLITE_ERROR: no such table: Cars","service":"user-service"}
{"level":"error","message":"Failed to insert row: {\"name\":\"Truck 3\",\"image\":\"truck_3.png\",\"make\":\"Ram\",\"model\":\"1500\",\"year\":\"2019\",\"price\":\"27000\",\"description\":\"Stylish truck\"}, Error: SequelizeDatabaseError: SQLITE_ERROR: no such table: Cars","service":"user-service"}
{"level":"error","message":"Failed to insert row: {\"name\":\"Truck 4\",\"image\":\"truck_4.png\",\"make\":\"Toyota\",\"model\":\"Tundra\",\"year\":\"2018\",\"price\":\"25000\",\"description\":\"Durable truck\"}, Error: SequelizeDatabaseError: SQLITE_ERROR: no such table: Cars","service":"user-service"}
{"level":"error","message":"Failed to insert row: {\"name\":\"Truck 5\",\"image\":\"truck_5.png\",\"make\":\"Nissan\",\"model\":\"Titan\",\"year\":\"2017\",\"price\":\"24000\",\"description\":\"Efficient truck\"}, Error: SequelizeDatabaseError: SQLITE_ERROR: no such table: Cars","service":"user-service"}
{"level":"error","message":"Failed to insert row: {\"name\":\"Truck 6\",\"image\":\"truck_6.png\",\"make\":\"GMC\",\"model\":\"Sierra\",\"year\":\"2016\",\"price\":\"23000\",\"description\":\"Luxury truck\"}, Error: SequelizeDatabaseError: SQLITE_ERROR: no such table: Cars","service":"user-service"}
{"level":"error","message":"Failed to insert row: {\"name\":\"Truck 7\",\"image\":\"truck_7.png\",\"make\":\"Honda\",\"model\":\"Ridgeline\",\"year\":\"2015\",\"price\":\"22000\",\"description\":\"Innovative truck\"}, Error: SequelizeDatabaseError: SQLITE_ERROR: no such table: Cars","service":"user-service"}
{"level":"error","message":"Failed to insert row: {\"name\":\"Truck 1\",\"image\":\"truck_1.png\",\"make\":\"Ford\",\"model\":\"F-150\",\"year\":\"2021\",\"price\":\"30000\",\"description\":\"A reliable truck\"}, Error: SequelizeDatabaseError: SQLITE_ERROR: no such table: Cars","service":"user-service"}
{"level":"error","message":"Failed to insert row: {\"name\":\"Truck 2\",\"image\":\"truck_2.png\",\"make\":\"Chevrolet\",\"model\":\"Silverado\",\"year\":\"2020\",\"price\":\"28000\",\"description\":\"Powerful truck\"}, Error: SequelizeDatabaseError: SQLITE_ERROR: no such table: Cars","service":"user-service"}
{"level":"error","message":"Failed to insert row: {\"name\":\"Truck 3\",\"image\":\"truck_3.png\",\"make\":\"Ram\",\"model\":\"1500\",\"year\":\"2019\",\"price\":\"27000\",\"description\":\"Stylish truck\"}, Error: SequelizeDatabaseError: SQLITE_ERROR: no such table: Cars","service":"user-service"}
{"level":"error","message":"Failed to insert row: {\"name\":\"Truck 4\",\"image\":\"truck_4.png\",\"make\":\"Toyota\",\"model\":\"Tundra\",\"year\":\"2018\",\"price\":\"25000\",\"description\":\"Durable truck\"}, Error: SequelizeDatabaseError: SQLITE_ERROR: no such table: Cars","service":"user-service"}
{"level":"error","message":"Failed to insert row: {\"name\":\"Truck 5\",\"image\":\"truck_5.png\",\"make\":\"Nissan\",\"model\":\"Titan\",\"year\":\"2017\",\"price\":\"24000\",\"description\":\"Efficient truck\"}, Error: SequelizeDatabaseError: SQLITE_ERROR: no such table: Cars","service":"user-service"}
{"level":"error","message":"Failed to insert row: {\"name\":\"Truck 6\",\"image\":\"truck_6.png\",\"make\":\"GMC\",\"model\":\"Sierra\",\"year\":\"2016\",\"price\":\"23000\",\"description\":\"Luxury truck\"}, Error: SequelizeDatabaseError: SQLITE_ERROR: no such table: Cars","service":"user-service"}
{"level":"error","message":"Failed to insert row: {\"name\":\"Truck 7\",\"image\":\"truck_7.png\",\"make\":\"Honda\",\"model\":\"Ridgeline\",\"year\":\"2015\",\"price\":\"22000\",\"description\":\"Innovative truck\"}, Error: SequelizeDatabaseError: SQLITE_ERROR: no such table: Cars","service":"user-service"}
{"level":"error","message":"Failed to insert row: {\"name\":\"Truck 1\",\"image\":\"truck_1.png\",\"make\":\"Ford\",\"model\":\"F-150\",\"year\":\"2021\",\"price\":\"30000\",\"description\":\"A reliable truck\"}, Error: SequelizeDatabaseError: SQLITE_ERROR: no such table: Cars","service":"user-service"}
{"level":"error","message":"Failed to insert row: {\"name\":\"Truck 2\",\"image\":\"truck_2.png\",\"make\":\"Chevrolet\",\"model\":\"Silverado\",\"year\":\"2020\",\"price\":\"28000\",\"description\":\"Powerful truck\"}, Error: SequelizeDatabaseError: SQLITE_ERROR: no such table: Cars","service":"user-service"}
{"level":"error","message":"Failed to insert row: {\"name\":\"Truck 3\",\"image\":\"truck_3.png\",\"make\":\"Ram\",\"model\":\"1500\",\"year\":\"2019\",\"price\":\"27000\",\"description\":\"Stylish truck\"}, Error: SequelizeDatabaseError: SQLITE_ERROR: no such table: Cars","service":"user-service"}
{"level":"error","message":"Failed to insert row: {\"name\":\"Truck 4\",\"image\":\"truck_4.png\",\"make\":\"Toyota\",\"model\":\"Tundra\",\"year\":\"2018\",\"price\":\"25000\",\"description\":\"Durable truck\"}, Error: SequelizeDatabaseError: SQLITE_ERROR: no such table: Cars","service":"user-service"}
{"level":"error","message":"Failed to insert row: {\"name\":\"Truck 5\",\"image\":\"truck_5.png\",\"make\":\"Nissan\",\"model\":\"Titan\",\"year\":\"2017\",\"price\":\"24000\",\"description\":\"Efficient truck\"}, Error: SequelizeDatabaseError: SQLITE_ERROR: no such table: Cars","service":"user-service"}
{"level":"error","message":"Failed to insert row: {\"name\":\"Truck 6\",\"image\":\"truck_6.png\",\"make\":\"GMC\",\"model\":\"Sierra\",\"year\":\"2016\",\"price\":\"23000\",\"description\":\"Luxury truck\"}, Error: SequelizeDatabaseError: SQLITE_ERROR: no such table: Cars","service":"user-service"}
{"level":"error","message":"Failed to insert row: {\"name\":\"Truck 7\",\"image\":\"truck_7.png\",\"make\":\"Honda\",\"model\":\"Ridgeline\",\"year\":\"2015\",\"price\":\"22000\",\"description\":\"Innovative truck\"}, Error: SequelizeDatabaseError: SQLITE_ERROR: no such table: Cars","service":"user-service"}
{"level":"error","message":"Failed to insert row: {\"name\":\"Truck 1\",\"image\":\"truck_1.png\",\"make\":\"Ford\",\"model\":\"F-150\",\"year\":\"2021\",\"price\":\"30000\",\"description\":\"A reliable truck\"}, Error: SequelizeDatabaseError: SQLITE_ERROR: no such table: Cars","service":"user-service"}
{"level":"error","message":"Failed to insert row: {\"name\":\"Truck 1\",\"image\":\"truck_1.png\",\"make\":\"Ford\",\"model\":\"F-150\",\"year\":\"2021\",\"price\":\"30000\",\"description\":\"A reliable truck\"}, Error: SequelizeDatabaseError: SQLITE_ERROR: no such table: Cars","service":"user-service"}
{"level":"error","message":"Failed to insert row: {\"name\":\"Truck 2\",\"image\":\"truck_2.png\",\"make\":\"Chevrolet\",\"model\":\"Silverado\",\"year\":\"2020\",\"price\":\"28000\",\"description\":\"Powerful truck\"}, Error: SequelizeDatabaseError: SQLITE_ERROR: no such table: Cars","service":"user-service"}
{"level":"error","message":"Failed to insert row: {\"name\":\"Truck 3\",\"image\":\"truck_3.png\",\"make\":\"Ram\",\"model\":\"1500\",\"year\":\"2019\",\"price\":\"27000\",\"description\":\"Stylish truck\"}, Error: SequelizeDatabaseError: SQLITE_ERROR: no such table: Cars","service":"user-service"}
{"level":"error","message":"Failed to insert row: {\"name\":\"Truck 4\",\"image\":\"truck_4.png\",\"make\":\"Toyota\",\"model\":\"Tundra\",\"year\":\"2018\",\"price\":\"25000\",\"description\":\"Durable truck\"}, Error: SequelizeDatabaseError: SQLITE_ERROR: no such table: Cars","service":"user-service"}
{"level":"error","message":"Failed to insert row: {\"name\":\"Truck 5\",\"image\":\"truck_5.png\",\"make\":\"Nissan\",\"model\":\"Titan\",\"year\":\"2017\",\"price\":\"24000\",\"description\":\"Efficient truck\"}, Error: SequelizeDatabaseError: SQLITE_ERROR: no such table: Cars","service":"user-service"}
{"level":"error","message":"Failed to insert row: {\"name\":\"Truck 6\",\"image\":\"truck_6.png\",\"make\":\"GMC\",\"model\":\"Sierra\",\"year\":\"2016\",\"price\":\"23000\",\"description\":\"Luxury truck\"}, Error: SequelizeDatabaseError: SQLITE_ERROR: no such table: Cars","service":"user-service"}
{"level":"error","message":"Failed to insert row: {\"name\":\"Truck 7\",\"image\":\"truck_7.png\",\"make\":\"Honda\",\"model\":\"Ridgeline\",\"year\":\"2015\",\"price\":\"22000\",\"description\":\"Innovative truck\"}, Error: SequelizeDatabaseError: SQLITE_ERROR: no such table: Cars","service":"user-service"}
{"level":"error","message":"Failed to insert row: {\"name\":\"Truck 1\",\"image\":\"truck_1.png\",\"make\":\"Ford\",\"model\":\"F-150\"}, Error: SequelizeDatabaseError: SQLITE_READONLY: attempt to write a readonly database","service":"user-service"}
{"level":"error","message":"Failed to insert row: {\"name\":\"Truck 2\",\"image\":\"truck_2.png\",\"make\":\"Chevrolet\",\"model\":\"Silverado\"}, Error: SequelizeDatabaseError: SQLITE_READONLY: attempt to write a readonly database","service":"user-service"}
{"level":"error","message":"Failed to insert row: {\"name\":\"Truck 3\",\"image\":\"truck_3.png\",\"make\":\"Ram\",\"model\":\"1500\"}, Error: SequelizeDatabaseError: SQLITE_READONLY: attempt to write a readonly database","service":"user-service"}
{"level":"error","message":"Failed to insert row: {\"name\":\"Truck 4\",\"image\":\"truck_4.png\",\"make\":\"Toyota\",\"model\":\"Tundra\"}, Error: SequelizeDatabaseError: SQLITE_READONLY: attempt to write a readonly database","service":"user-service"}
{"level":"error","message":"Failed to insert row: {\"name\":\"Truck 5\",\"image\":\"truck_5.png\",\"make\":\"Nissan\",\"model\":\"Titan\"}, Error: SequelizeDatabaseError: SQLITE_READONLY: attempt to write a readonly database","service":"user-service"}
{"level":"error","message":"Failed to insert row: {\"name\":\"Truck 6\",\"image\":\"truck_6.png\",\"make\":\"GMC\",\"model\":\"Sierra\"}, Error: SequelizeDatabaseError: SQLITE_READONLY: attempt to write a readonly database","service":"user-service"}
{"level":"error","message":"Failed to insert row: {\"name\":\"Truck 7\",\"image\":\"truck_7.png\",\"make\":\"Honda\",\"model\":\"Ridgeline\"}, Error: SequelizeDatabaseError: SQLITE_READONLY: attempt to write a readonly database","service":"user-service"}
{"level":"error","message":"Failed to insert row: {\"name\":\"Truck 1\",\"image\":\"truck_1.png\",\"make\":\"Ford\",\"model\":\"F-150\"}, Error: SequelizeDatabaseError: SQLITE_READONLY: attempt to write a readonly database","service":"user-service"}
{"level":"error","message":"Failed to insert row: {\"name\":\"Truck 2\",\"image\":\"truck_2.png\",\"make\":\"Chevrolet\",\"model\":\"Silverado\"}, Error: SequelizeDatabaseError: SQLITE_READONLY: attempt to write a readonly database","service":"user-service"}
{"level":"error","message":"Failed to insert row: {\"name\":\"Truck 3\",\"image\":\"truck_3.png\",\"make\":\"Ram\",\"model\":\"1500\"}, Error: SequelizeDatabaseError: SQLITE_READONLY: attempt to write a readonly database","service":"user-service"}
{"level":"error","message":"Failed to insert row: {\"name\":\"Truck 4\",\"image\":\"truck_4.png\",\"make\":\"Toyota\",\"model\":\"Tundra\"}, Error: SequelizeDatabaseError: SQLITE_READONLY: attempt to write a readonly database","service":"user-service"}
{"level":"error","message":"Failed to insert row: {\"name\":\"Truck 5\",\"image\":\"truck_5.png\",\"make\":\"Nissan\",\"model\":\"Titan\"}, Error: SequelizeDatabaseError: SQLITE_READONLY: attempt to write a readonly database","service":"user-service"}
{"level":"error","message":"Failed to insert row: {\"name\":\"Truck 6\",\"image\":\"truck_6.png\",\"make\":\"GMC\",\"model\":\"Sierra\"}, Error: SequelizeDatabaseError: SQLITE_READONLY: attempt to write a readonly database","service":"user-service"}
{"level":"error","message":"Failed to insert row: {\"name\":\"Truck 7\",\"image\":\"truck_7.png\",\"make\":\"Honda\",\"model\":\"Ridgeline\"}, Error: SequelizeDatabaseError: SQLITE_READONLY: attempt to write a readonly database","service":"user-service"}
{"level":"error","message":"Failed to insert row: {\"name\":\"Truck 1\",\"image\":\"truck_1.png\",\"make\":\"Ford\",\"model\":\"F-150\"}, Error: SequelizeDatabaseError: SQLITE_READONLY: attempt to write a readonly database","service":"user-service"}
{"level":"error","message":"Failed to insert row: {\"name\":\"Truck 2\",\"image\":\"truck_2.png\",\"make\":\"Chevrolet\",\"model\":\"Silverado\"}, Error: SequelizeDatabaseError: SQLITE_READONLY: attempt to write a readonly database","service":"user-service"}
{"level":"error","message":"Failed to insert row: {\"name\":\"Truck 3\",\"image\":\"truck_3.png\",\"make\":\"Ram\",\"model\":\"1500\"}, Error: SequelizeDatabaseError: SQLITE_READONLY: attempt to write a readonly database","service":"user-service"}
{"level":"error","message":"Failed to insert row: {\"name\":\"Truck 4\",\"image\":\"truck_4.png\",\"make\":\"Toyota\",\"model\":\"Tundra\"}, Error: SequelizeDatabaseError: SQLITE_READONLY: attempt to write a readonly database","service":"user-service"}
{"level":"error","message":"Failed to insert row: {\"name\":\"Truck 5\",\"image\":\"truck_5.png\",\"make\":\"Nissan\",\"model\":\"Titan\"}, Error: SequelizeDatabaseError: SQLITE_READONLY: attempt to write a readonly database","service":"user-service"}
{"level":"error","message":"Failed to insert row: {\"name\":\"Truck 6\",\"image\":\"truck_6.png\",\"make\":\"GMC\",\"model\":\"Sierra\"}, Error: SequelizeDatabaseError: SQLITE_READONLY: attempt to write a readonly database","service":"user-service"}
{"level":"error","message":"Failed to insert row: {\"name\":\"Truck 7\",\"image\":\"truck_7.png\",\"make\":\"Honda\",\"model\":\"Ridgeline\"}, Error: SequelizeDatabaseError: SQLITE_READONLY: attempt to write a readonly database","service":"user-service"}
{"level":"error","message":"Failed to insert row: {\"name\":\"Truck 1\",\"image\":\"truck_1.png\",\"make\":\"Ford\",\"model\":\"F-150\"}, Error: SequelizeDatabaseError: SQLITE_READONLY: attempt to write a readonly database","service":"user-service"}
{"level":"error","message":"Failed to insert row: {\"name\":\"Truck 2\",\"image\":\"truck_2.png\",\"make\":\"Chevrolet\",\"model\":\"Silverado\"}, Error: SequelizeDatabaseError: SQLITE_READONLY: attempt to write a readonly database","service":"user-service"}
{"level":"error","message":"Failed to insert row: {\"name\":\"Truck 3\",\"image\":\"truck_3.png\",\"make\":\"Ram\",\"model\":\"1500\"}, Error: SequelizeDatabaseError: SQLITE_READONLY: attempt to write a readonly database","service":"user-service"}
{"level":"error","message":"Failed to insert row: {\"name\":\"Truck 4\",\"image\":\"truck_4.png\",\"make\":\"Toyota\",\"model\":\"Tundra\"}, Error: SequelizeDatabaseError: SQLITE_READONLY: attempt to write a readonly database","service":"user-service"}
{"level":"error","message":"Failed to insert row: {\"name\":\"Truck 5\",\"image\":\"truck_5.png\",\"make\":\"Nissan\",\"model\":\"Titan\"}, Error: SequelizeDatabaseError: SQLITE_READONLY: attempt to write a readonly database","service":"user-service"}
{"level":"error","message":"Failed to insert row: {\"name\":\"Truck 6\",\"image\":\"truck_6.png\",\"make\":\"GMC\",\"model\":\"Sierra\"}, Error: SequelizeDatabaseError: SQLITE_READONLY: attempt to write a readonly database","service":"user-service"}
{"level":"error","message":"Failed to insert row: {\"name\":\"Truck 7\",\"image\":\"truck_7.png\",\"make\":\"Honda\",\"model\":\"Ridgeline\"}, Error: SequelizeDatabaseError: SQLITE_READONLY: attempt to write a readonly database","service":"user-service"}
{"level":"error","message":"Failed to insert row: {\"name\":\"Truck 1\",\"image\":\"truck_1.png\",\"make\":\"Ford\",\"model\":\"F-150\"}, Error: SequelizeUniqueConstraintError: Validation error","service":"user-service"}
{"level":"error","message":"Failed to insert row: {\"name\":\"Truck 2\",\"image\":\"truck_2.png\",\"make\":\"Chevrolet\",\"model\":\"Silverado\"}, Error: SequelizeUniqueConstraintError: Validation error","service":"user-service"}
{"level":"error","message":"Failed to insert row: {\"name\":\"Truck 3\",\"image\":\"truck_3.png\",\"make\":\"Ram\",\"model\":\"1500\"}, Error: SequelizeUniqueConstraintError: Validation error","service":"user-service"}
{"level":"error","message":"Failed to insert row: {\"name\":\"Truck 4\",\"image\":\"truck_4.png\",\"make\":\"Toyota\",\"model\":\"Tundra\"}, Error: SequelizeUniqueConstraintError: Validation error","service":"user-service"}
{"level":"error","message":"Failed to insert row: {\"name\":\"Truck 5\",\"image\":\"truck_5.png\",\"make\":\"Nissan\",\"model\":\"Titan\"}, Error: SequelizeUniqueConstraintError: Validation error","service":"user-service"}
{"level":"error","message":"Failed to insert row: {\"name\":\"Truck 6\",\"image\":\"truck_6.png\",\"make\":\"GMC\",\"model\":\"Sierra\"}, Error: SequelizeUniqueConstraintError: Validation error","service":"user-service"}
{"level":"error","message":"Failed to insert row: {\"name\":\"Truck 7\",\"image\":\"truck_7.png\",\"make\":\"Honda\",\"model\":\"Ridgeline\"}, Error: SequelizeUniqueConstraintError: Validation error","service":"user-service"}
{"level":"error","message":"Failed to insert row: {\"imagen\":\"truck.png\",\"descripcion\":\"Camin robusto\",\"tipo\":\"camion\",\"pesoMaximo\":\"15000\",\"dimensionesAlmacenamiento\":\"4m x 2m\",\"altura\":\"3.5\",\"ancho\":\"2.5\"}, Error: SequelizeDatabaseError: SQLITE_READONLY: attempt to write a readonly database","service":"user-service"}
{"level":"error","message":"Failed to insert row: {\"imagen\":\"truck.png\",\"descripcion\":\"Camioneta confiable\",\"tipo\":\"camioneta\",\"pesoMaximo\":\"3000\",\"dimensionesAlmacenamiento\":\"2m x 1.5m\",\"altura\":\"2\",\"ancho\":\"1.8\"}, Error: SequelizeDatabaseError: SQLITE_READONLY: attempt to write a readonly database","service":"user-service"}
{"level":"error","message":"Failed to insert row: {\"imagen\":\"truck.png\",\"descripcion\":\"Camin de carga pesada\",\"tipo\":\"camion\",\"pesoMaximo\":\"20000\",\"dimensionesAlmacenamiento\":\"5m x 2.5m\",\"altura\":\"4\",\"ancho\":\"3\"}, Error: SequelizeDatabaseError: SQLITE_READONLY: attempt to write a readonly database","service":"user-service"}
{"level":"error","message":"Failed to insert row: {\"imagen\":\"truck.png\",\"descripcion\":\"Camioneta verstil\",\"tipo\":\"camioneta\",\"pesoMaximo\":\"3500\",\"dimensionesAlmacenamiento\":\"2.2m x 1.6m\",\"altura\":\"2.1\",\"ancho\":\"1.9\"}, Error: SequelizeDatabaseError: SQLITE_READONLY: attempt to write a readonly database","service":"user-service"}
{"level":"error","message":"Failed to insert row: {\"imagen\":\"truck.png\",\"descripcion\":\"Camin para transporte\",\"tipo\":\"camion\",\"pesoMaximo\":\"18000\",\"dimensionesAlmacenamiento\":\"4.5m x 2.3m\",\"altura\":\"3.8\",\"ancho\":\"2.8\"}, Error: SequelizeDatabaseError: SQLITE_READONLY: attempt to write a readonly database","service":"user-service"}
{"level":"error","message":"Failed to insert row: {\"imagen\":\"truck.png\",\"descripcion\":\"Camioneta para uso diario\",\"tipo\":\"camioneta\",\"pesoMaximo\":\"3200\",\"dimensionesAlmacenamiento\":\"2.1m x 1.5m\",\"altura\":\"2\",\"ancho\":\"1.8\"}, Error: SequelizeDatabaseError: SQLITE_READONLY: attempt to write a readonly database","service":"user-service"}
{"level":"error","message":"Failed to insert row: {\"imagen\":\"truck.png\",\"descripcion\":\"Camin de larga distancia\",\"tipo\":\"camion\",\"pesoMaximo\":\"17000\",\"dimensionesAlmacenamiento\":\"4.2m x 2.2m\",\"altura\":\"3.6\",\"ancho\":\"2.6\"}, Error: SequelizeDatabaseError: SQLITE_READONLY: attempt to write a readonly database","service":"user-service"}
{"level":"error","message":"Failed to insert row: {\"imagen\":\"truck.png\",\"descripcion\":\"Camin robusto\",\"tipo\":\"camion\",\"pesoMaximo\":\"15000\",\"dimensionesAlmacenamiento\":\"4m x 2m\",\"altura\":\"3.5\",\"ancho\":\"2.5\"}, Error: SequelizeDatabaseError: SQLITE_READONLY: attempt to write a readonly database","service":"user-service"}
{"level":"error","message":"Failed to insert row: {\"imagen\":\"truck.png\",\"descripcion\":\"Camioneta confiable\",\"tipo\":\"camioneta\",\"pesoMaximo\":\"3000\",\"dimensionesAlmacenamiento\":\"2m x 1.5m\",\"altura\":\"2\",\"ancho\":\"1.8\"}, Error: SequelizeDatabaseError: SQLITE_READONLY: attempt to write a readonly database","service":"user-service"}
{"level":"error","message":"Failed to insert row: {\"imagen\":\"truck.png\",\"descripcion\":\"Camin de carga pesada\",\"tipo\":\"camion\",\"pesoMaximo\":\"20000\",\"dimensionesAlmacenamiento\":\"5m x 2.5m\",\"altura\":\"4\",\"ancho\":\"3\"}, Error: SequelizeDatabaseError: SQLITE_READONLY: attempt to write a readonly database","service":"user-service"}
{"level":"error","message":"Failed to insert row: {\"imagen\":\"truck.png\",\"descripcion\":\"Camioneta verstil\",\"tipo\":\"camioneta\",\"pesoMaximo\":\"3500\",\"dimensionesAlmacenamiento\":\"2.2m x 1.6m\",\"altura\":\"2.1\",\"ancho\":\"1.9\"}, Error: SequelizeDatabaseError: SQLITE_READONLY: attempt to write a readonly database","service":"user-service"}
{"level":"error","message":"Failed to insert row: {\"imagen\":\"truck.png\",\"descripcion\":\"Camin para transporte\",\"tipo\":\"camion\",\"pesoMaximo\":\"18000\",\"dimensionesAlmacenamiento\":\"4.5m x 2.3m\",\"altura\":\"3.8\",\"ancho\":\"2.8\"}, Error: SequelizeDatabaseError: SQLITE_READONLY: attempt to write a readonly database","service":"user-service"}
{"level":"error","message":"Failed to insert row: {\"imagen\":\"truck.png\",\"descripcion\":\"Camioneta para uso diario\",\"tipo\":\"camioneta\",\"pesoMaximo\":\"3200\",\"dimensionesAlmacenamiento\":\"2.1m x 1.5m\",\"altura\":\"2\",\"ancho\":\"1.8\"}, Error: SequelizeDatabaseError: SQLITE_READONLY: attempt to write a readonly database","service":"user-service"}
{"level":"error","message":"Failed to insert row: {\"imagen\":\"truck.png\",\"descripcion\":\"Camin de larga distancia\",\"tipo\":\"camion\",\"pesoMaximo\":\"17000\",\"dimensionesAlmacenamiento\":\"4.2m x 2.2m\",\"altura\":\"3.6\",\"ancho\":\"2.6\"}, Error: SequelizeDatabaseError: SQLITE_READONLY: attempt to write a readonly database","service":"user-service"}
{"level":"error","message":"Failed to insert row: {\"imagen\":\"truck_1.png\",\"descripcion\":\"Camin robusto\",\"tipo\":\"camion\",\"pesoMaximo\":\"15000\",\"dimensionesAlmacenamiento\":\"4m x 2m\",\"altura\":\"3.5\",\"ancho\":\"2.5\"}, Error: SequelizeDatabaseError: SQLITE_READONLY: attempt to write a readonly database","service":"user-service"}
{"level":"error","message":"Failed to insert row: {\"imagen\":\"truck_2.png\",\"descripcion\":\"Camioneta confiable\",\"tipo\":\"camioneta\",\"pesoMaximo\":\"3000\",\"dimensionesAlmacenamiento\":\"2m x 1.5m\",\"altura\":\"2\",\"ancho\":\"1.8\"}, Error: SequelizeDatabaseError: SQLITE_READONLY: attempt to write a readonly database","service":"user-service"}
{"level":"error","message":"Failed to insert row: {\"imagen\":\"truck_3.png\",\"descripcion\":\"Camin de carga pesada\",\"tipo\":\"camion\",\"pesoMaximo\":\"20000\",\"dimensionesAlmacenamiento\":\"5m x 2.5m\",\"altura\":\"4\",\"ancho\":\"3\"}, Error: SequelizeDatabaseError: SQLITE_READONLY: attempt to write a readonly database","service":"user-service"}
{"level":"error","message":"Failed to insert row: {\"imagen\":\"truck_4.png\",\"descripcion\":\"Camioneta verstil\",\"tipo\":\"camioneta\",\"pesoMaximo\":\"3500\",\"dimensionesAlmacenamiento\":\"2.2m x 1.6m\",\"altura\":\"2.1\",\"ancho\":\"1.9\"}, Error: SequelizeDatabaseError: SQLITE_READONLY: attempt to write a readonly database","service":"user-service"}
{"level":"error","message":"Failed to insert row: {\"imagen\":\"truck_5.png\",\"descripcion\":\"Camin para transporte\",\"tipo\":\"camion\",\"pesoMaximo\":\"18000\",\"dimensionesAlmacenamiento\":\"4.5m x 2.3m\",\"altura\":\"3.8\",\"ancho\":\"2.8\"}, Error: SequelizeDatabaseError: SQLITE_READONLY: attempt to write a readonly database","service":"user-service"}
{"level":"error","message":"Failed to insert row: {\"imagen\":\"truck_6.png\",\"descripcion\":\"Camioneta para uso diario\",\"tipo\":\"camioneta\",\"pesoMaximo\":\"3200\",\"dimensionesAlmacenamiento\":\"2.1m x 1.5m\",\"altura\":\"2\",\"ancho\":\"1.8\"}, Error: SequelizeDatabaseError: SQLITE_READONLY: attempt to write a readonly database","service":"user-service"}
{"level":"error","message":"Failed to insert row: {\"imagen\":\"truck_7.png\",\"descripcion\":\"Camin de larga distancia\",\"tipo\":\"camion\",\"pesoMaximo\":\"17000\",\"dimensionesAlmacenamiento\":\"4.2m x 2.2m\",\"altura\":\"3.6\",\"ancho\":\"2.6\"}, Error: SequelizeDatabaseError: SQLITE_READONLY: attempt to write a readonly database","service":"user-service"}
{"level":"error","message":"Failed to insert row: {\"imagen\":\"truck_1.png\",\"descripcion\":\"Camin robusto\",\"tipo\":\"camion\",\"pesoMaximo\":\"15000\",\"dimensionesAlmacenamiento\":\"4m x 2m\",\"altura\":\"3.5\",\"ancho\":\"2.5\"}, Error: SequelizeDatabaseError: SQLITE_READONLY: attempt to write a readonly database","service":"user-service"}
{"level":"error","message":"Failed to insert row: {\"imagen\":\"truck_2.png\",\"descripcion\":\"Camioneta confiable\",\"tipo\":\"camioneta\",\"pesoMaximo\":\"3000\",\"dimensionesAlmacenamiento\":\"2m x 1.5m\",\"altura\":\"2\",\"ancho\":\"1.8\"}, Error: SequelizeDatabaseError: SQLITE_READONLY: attempt to write a readonly database","service":"user-service"}
{"level":"error","message":"Failed to insert row: {\"imagen\":\"truck_3.png\",\"descripcion\":\"Camin de carga pesada\",\"tipo\":\"camion\",\"pesoMaximo\":\"20000\",\"dimensionesAlmacenamiento\":\"5m x 2.5m\",\"altura\":\"4\",\"ancho\":\"3\"}, Error: SequelizeDatabaseError: SQLITE_READONLY: attempt to write a readonly database","service":"user-service"}
{"level":"error","message":"Failed to insert row: {\"imagen\":\"truck_4.png\",\"descripcion\":\"Camioneta verstil\",\"tipo\":\"camioneta\",\"pesoMaximo\":\"3500\",\"dimensionesAlmacenamiento\":\"2.2m x 1.6m\",\"altura\":\"2.1\",\"ancho\":\"1.9\"}, Error: SequelizeDatabaseError: SQLITE_READONLY: attempt to write a readonly database","service":"user-service"}
{"level":"error","message":"Failed to insert row: {\"imagen\":\"truck_5.png\",\"descripcion\":\"Camin para transporte\",\"tipo\":\"camion\",\"pesoMaximo\":\"18000\",\"dimensionesAlmacenamiento\":\"4.5m x 2.3m\",\"altura\":\"3.8\",\"ancho\":\"2.8\"}, Error: SequelizeDatabaseError: SQLITE_READONLY: attempt to write a readonly database","service":"user-service"}
{"level":"error","message":"Failed to insert row: {\"imagen\":\"truck_6.png\",\"descripcion\":\"Camioneta para uso diario\",\"tipo\":\"camioneta\",\"pesoMaximo\":\"3200\",\"dimensionesAlmacenamiento\":\"2.1m x 1.5m\",\"altura\":\"2\",\"ancho\":\"1.8\"}, Error: SequelizeDatabaseError: SQLITE_READONLY: attempt to write a readonly database","service":"user-service"}
{"level":"error","message":"Failed to insert row: {\"imagen\":\"truck_7.png\",\"descripcion\":\"Camin de larga distancia\",\"tipo\":\"camion\",\"pesoMaximo\":\"17000\",\"dimensionesAlmacenamiento\":\"4.2m x 2.2m\",\"altura\":\"3.6\",\"ancho\":\"2.6\"}, Error: SequelizeDatabaseError: SQLITE_READONLY: attempt to write a readonly database","service":"user-service"}
{"level":"error","message":"Failed to insert row: {\"imagen\":\"truck_1.png\",\"descripcion\":\"Camin robusto\",\"tipo\":\"camion\",\"pesoMaximo\":\"15000\",\"dimensionesAlmacenamiento\":\"4m x 2m\",\"altura\":\"3.5\",\"ancho\":\"2.5\"}, Error: SequelizeDatabaseError: SQLITE_READONLY: attempt to write a readonly database","service":"user-service"}
{"level":"error","message":"Failed to insert row: {\"imagen\":\"truck_2.png\",\"descripcion\":\"Camioneta confiable\",\"tipo\":\"camioneta\",\"pesoMaximo\":\"3000\",\"dimensionesAlmacenamiento\":\"2m x 1.5m\",\"altura\":\"2\",\"ancho\":\"1.8\"}, Error: SequelizeDatabaseError: SQLITE_READONLY: attempt to write a readonly database","service":"user-service"}
{"level":"error","message":"Failed to insert row: {\"imagen\":\"truck_3.png\",\"descripcion\":\"Camin de carga pesada\",\"tipo\":\"camion\",\"pesoMaximo\":\"20000\",\"dimensionesAlmacenamiento\":\"5m x 2.5m\",\"altura\":\"4\",\"ancho\":\"3\"}, Error: SequelizeDatabaseError: SQLITE_READONLY: attempt to write a readonly database","service":"user-service"}
{"level":"error","message":"Failed to insert row: {\"imagen\":\"truck_4.png\",\"descripcion\":\"Camioneta verstil\",\"tipo\":\"camioneta\",\"pesoMaximo\":\"3500\",\"dimensionesAlmacenamiento\":\"2.2m x 1.6m\",\"altura\":\"2.1\",\"ancho\":\"1.9\"}, Error: SequelizeDatabaseError: SQLITE_READONLY: attempt to write a readonly database","service":"user-service"}
{"level":"error","message":"Failed to insert row: {\"imagen\":\"truck_5.png\",\"descripcion\":\"Camin para transporte\",\"tipo\":\"camion\",\"pesoMaximo\":\"18000\",\"dimensionesAlmacenamiento\":\"4.5m x 2.3m\",\"altura\":\"3.8\",\"ancho\":\"2.8\"}, Error: SequelizeDatabaseError: SQLITE_READONLY: attempt to write a readonly database","service":"user-service"}
{"level":"error","message":"Failed to insert row: {\"imagen\":\"truck_6.png\",\"descripcion\":\"Camioneta para uso diario\",\"tipo\":\"camioneta\",\"pesoMaximo\":\"3200\",\"dimensionesAlmacenamiento\":\"2.1m x 1.5m\",\"altura\":\"2\",\"ancho\":\"1.8\"}, Error: SequelizeDatabaseError: SQLITE_READONLY: attempt to write a readonly database","service":"user-service"}
{"level":"error","message":"Failed to insert row: {\"imagen\":\"truck_7.png\",\"descripcion\":\"Camin de larga distancia\",\"tipo\":\"camion\",\"pesoMaximo\":\"17000\",\"dimensionesAlmacenamiento\":\"4.2m x 2.2m\",\"altura\":\"3.6\",\"ancho\":\"2.6\"}, Error: SequelizeDatabaseError: SQLITE_READONLY: attempt to write a readonly database","service":"user-service"}
{"code":"ENOENT","errno":-2,"level":"error","message":"Failed to load SSL certificates ENOENT: no such file or directory, open '/etc/letsencrypt/live/translogisticamacias.ec/privkey.pem'","path":"/etc/letsencrypt/live/translogisticamacias.ec/privkey.pem","service":"user-service","stack":"Error: ENOENT: no such file or directory, open '/etc/letsencrypt/live/translogisticamacias.ec/privkey.pem'\n    at Object.openSync (node:fs:603:3)\n    at Object.readFileSync (node:fs:471:35)\n    at initializeServer (/home/luky/transportes-macias/server/index.js:107:15)\n    at Object.<anonymous> (/home/luky/transportes-macias/server/index.js:32:1)\n    at Module._compile (node:internal/modules/cjs/loader:1256:14)\n    at Module._extensions..js (node:internal/modules/cjs/loader:1310:10)\n    at Module.load (node:internal/modules/cjs/loader:1119:32)\n    at Module._load (node:internal/modules/cjs/loader:960:12)\n    at Function.executeUserEntryPoint [as runMain] (node:internal/modules/run_main:81:12)\n    at node:internal/main/run_main_module:23:47","syscall":"open"}
{"code":"ENOENT","errno":-2,"level":"error","message":"Failed to load SSL certificates ENOENT: no such file or directory, open '/etc/letsencrypt/live/translogisticamacias.ec/privkey.pem'","path":"/etc/letsencrypt/live/translogisticamacias.ec/privkey.pem","service":"user-service","stack":"Error: ENOENT: no such file or directory, open '/etc/letsencrypt/live/translogisticamacias.ec/privkey.pem'\n    at Object.openSync (node:fs:603:3)\n    at Object.readFileSync (node:fs:471:35)\n    at initializeServer (/home/luky/transportes-macias/server/index.js:107:15)\n    at Object.<anonymous> (/home/luky/transportes-macias/server/index.js:32:1)\n    at Module._compile (node:internal/modules/cjs/loader:1256:14)\n    at Module._extensions..js (node:internal/modules/cjs/loader:1310:10)\n    at Module.load (node:internal/modules/cjs/loader:1119:32)\n    at Module._load (node:internal/modules/cjs/loader:960:12)\n    at Function.executeUserEntryPoint [as runMain] (node:internal/modules/run_main:81:12)\n    at node:internal/main/run_main_module:23:47","syscall":"open"}
{"code":"ENOENT","errno":-2,"level":"error","message":"Failed to load SSL certificates ENOENT: no such file or directory, open '/etc/letsencrypt/live/translogisticamacias.ec/privkey.pem'","path":"/etc/letsencrypt/live/translogisticamacias.ec/privkey.pem","service":"user-service","stack":"Error: ENOENT: no such file or directory, open '/etc/letsencrypt/live/translogisticamacias.ec/privkey.pem'\n    at Object.openSync (node:fs:603:3)\n    at Object.readFileSync (node:fs:471:35)\n    at initializeServer (/home/luky/transportes-macias/server/index.js:107:15)\n    at Object.<anonymous> (/home/luky/transportes-macias/server/index.js:32:1)\n    at Module._compile (node:internal/modules/cjs/loader:1256:14)\n    at Module._extensions..js (node:internal/modules/cjs/loader:1310:10)\n    at Module.load (node:internal/modules/cjs/loader:1119:32)\n    at Module._load (node:internal/modules/cjs/loader:960:12)\n    at Function.executeUserEntryPoint [as runMain] (node:internal/modules/run_main:81:12)\n    at node:internal/main/run_main_module:23:47","syscall":"open"}
{"code":"ENOENT","errno":-2,"level":"error","message":"Failed to load SSL certificates ENOENT: no such file or directory, open '/etc/letsencrypt/live/translogisticamacias.ec/privkey.pem'","path":"/etc/letsencrypt/live/translogisticamacias.ec/privkey.pem","service":"user-service","stack":"Error: ENOENT: no such file or directory, open '/etc/letsencrypt/live/translogisticamacias.ec/privkey.pem'\n    at Object.openSync (node:fs:603:3)\n    at Object.readFileSync (node:fs:471:35)\n    at initializeServer (/home/luky/transportes-macias/server/index.js:107:15)\n    at Object.<anonymous> (/home/luky/transportes-macias/server/index.js:32:1)\n    at Module._compile (node:internal/modules/cjs/loader:1256:14)\n    at Module._extensions..js (node:internal/modules/cjs/loader:1310:10)\n    at Module.load (node:internal/modules/cjs/loader:1119:32)\n    at Module._load (node:internal/modules/cjs/loader:960:12)\n    at Function.executeUserEntryPoint [as runMain] (node:internal/modules/run_main:81:12)\n    at node:internal/main/run_main_module:23:47","syscall":"open"}
{"code":"ENOENT","errno":-2,"level":"error","message":"Failed to load SSL certificates ENOENT: no such file or directory, open '/etc/letsencrypt/live/translogisticamacias.ec-001/privkey.pem'","path":"/etc/letsencrypt/live/translogisticamacias.ec-001/privkey.pem","service":"user-service","stack":"Error: ENOENT: no such file or directory, open '/etc/letsencrypt/live/translogisticamacias.ec-001/privkey.pem'\n    at Object.openSync (node:fs:603:3)\n    at Object.readFileSync (node:fs:471:35)\n    at initializeServer (/home/luky/transportes-macias/server/index.js:107:15)\n    at Object.<anonymous> (/home/luky/transportes-macias/server/index.js:32:1)\n    at Module._compile (node:internal/modules/cjs/loader:1256:14)\n    at Module._extensions..js (node:internal/modules/cjs/loader:1310:10)\n    at Module.load (node:internal/modules/cjs/loader:1119:32)\n    at Module._load (node:internal/modules/cjs/loader:960:12)\n    at Function.executeUserEntryPoint [as runMain] (node:internal/modules/run_main:81:12)\n    at node:internal/main/run_main_module:23:47","syscall":"open"}
